{"/Users/gwanwoolim/Workspace/workspaceForJestReact/src/calculator.ts": {"path":"/Users/gwanwoolim/Workspace/workspaceForJestReact/src/calculator.ts","statementMap":{"0":{"start":{"line":1,"column":19},"end":{"line":3,"column":1}},"1":{"start":{"line":2,"column":2},"end":{"line":2,"column":15}}},"fnMap":{"0":{"name":"(anonymous_0)","decl":{"start":{"line":1,"column":19},"end":{"line":1,"column":20}},"loc":{"start":{"line":1,"column":45},"end":{"line":3,"column":1}},"line":1}},"branchMap":{},"s":{"0":1,"1":1},"f":{"0":1},"b":{},"_coverageSchema":"1a1c01bbd47fc00a2c39e90264f33305004495a9","hash":"55e4b51aeec9333900ffbd2858fcdb2882ab7f65"}
,"/Users/gwanwoolim/Workspace/workspaceForJestReact/src/password.ts": {"path":"/Users/gwanwoolim/Workspace/workspaceForJestReact/src/password.ts","statementMap":{"0":{"start":{"line":7,"column":2},"end":{"line":7,"column":27}},"1":{"start":{"line":11,"column":2},"end":{"line":11,"column":61}},"2":{"start":{"line":11,"column":36},"end":{"line":11,"column":61}},"3":{"start":{"line":13,"column":19},"end":{"line":13,"column":39}},"4":{"start":{"line":14,"column":2},"end":{"line":14,"column":50}},"5":{"start":{"line":14,"column":19},"end":{"line":14,"column":50}},"6":{"start":{"line":15,"column":2},"end":{"line":15,"column":33}}},"fnMap":{"0":{"name":"exceptionTest","decl":{"start":{"line":6,"column":16},"end":{"line":6,"column":29}},"loc":{"start":{"line":6,"column":33},"end":{"line":8,"column":1}},"line":6},"1":{"name":"passwordMeter","decl":{"start":{"line":10,"column":16},"end":{"line":10,"column":29}},"loc":{"start":{"line":10,"column":56},"end":{"line":16,"column":1}},"line":10}},"branchMap":{"0":{"loc":{"start":{"line":11,"column":2},"end":{"line":11,"column":61}},"type":"if","locations":[{"start":{"line":11,"column":2},"end":{"line":11,"column":61}},{"start":{},"end":{}}],"line":11},"1":{"loc":{"start":{"line":11,"column":6},"end":{"line":11,"column":34}},"type":"binary-expr","locations":[{"start":{"line":11,"column":6},"end":{"line":11,"column":15}},{"start":{"line":11,"column":19},"end":{"line":11,"column":34}}],"line":11},"2":{"loc":{"start":{"line":14,"column":2},"end":{"line":14,"column":50}},"type":"if","locations":[{"start":{"line":14,"column":2},"end":{"line":14,"column":50}},{"start":{},"end":{}}],"line":14}},"s":{"0":1,"1":8,"2":3,"3":5,"4":5,"5":3,"6":2},"f":{"0":1,"1":8},"b":{"0":[3,5],"1":[8,5],"2":[3,2]},"_coverageSchema":"1a1c01bbd47fc00a2c39e90264f33305004495a9","hash":"8252dc671e24c35ecd3d4ecd31d842cfcf802cc4"}
,"/Users/gwanwoolim/Workspace/workspaceForJestReact/src/components/Account.tsx": {"path":"/Users/gwanwoolim/Workspace/workspaceForJestReact/src/components/Account.tsx","statementMap":{"0":{"start":{"line":9,"column":2},"end":{"line":14,"column":3}}},"fnMap":{"0":{"name":"Account","decl":{"start":{"line":8,"column":9},"end":{"line":8,"column":16}},"loc":{"start":{"line":8,"column":50},"end":{"line":15,"column":1}},"line":8}},"branchMap":{},"s":{"0":2},"f":{"0":2},"b":{},"_coverageSchema":"1a1c01bbd47fc00a2c39e90264f33305004495a9","hash":"d628de2232d39eeb4661408e93b37c94b2f3eb7a"}
}
