TN:
SF:src/calculator.ts
FN:1,(anonymous_0)
FNF:1
FNH:1
FNDA:1,(anonymous_0)
DA:1,1
DA:2,1
LF:2
LH:2
BRF:0
BRH:0
end_of_record
TN:
SF:src/password.ts
FN:6,exceptionTest
FN:10,passwordMeter
FNF:2
FNH:2
FNDA:1,exceptionTest
FNDA:8,passwordMeter
DA:7,1
DA:11,8
DA:13,5
DA:14,5
DA:15,2
LF:5
LH:5
BRDA:11,0,0,3
BRDA:11,0,1,5
BRDA:11,1,0,8
BRDA:11,1,1,5
BRDA:14,2,0,3
BRDA:14,2,1,2
BRF:6
BRH:6
end_of_record
TN:
SF:src/components/Account.tsx
FN:8,Account
FNF:1
FNH:1
FNDA:2,Account
DA:9,2
LF:1
LH:1
BRF:0
BRH:0
end_of_record
